# JRE version: OpenJDK Runtime Environment Temurin-17.0.1+12 (17.0.1+12) (build 17.0.1+12)
# Java VM: OpenJDK 64-Bit Server VM Temurin-17.0.1+12 (17.0.1+12, mixed mode, tiered, compressed oops, compressed class ptrs, g1 gc, windows-amd64)
GC Precious Log:
 CPUs: 8 total, 8 available
 Memory: 16269M
 Large Page Support: Disabled
 NUMA Support: Disabled
 Compressed Oops: Enabled (Zero based)
 Heap Region Size: 2M
 Heap Min Capacity: 8M
 Heap Initial Capacity: 256M
 Heap Max Capacity: 4068M
 Pre-touch: Disabled
 Parallel Workers: 8
 Concurrent Workers: 2
 Concurrent Refinement Workers: 8
 Periodic GC: Disabled
Heap:
 garbage-first heap   total 102400K, used 49130K [0x0000000701c00000, 0x0000000800000000)
  region size 2048K, 16 young (32768K), 3 survivors (6144K)
 Metaspace       used 59142K, committed 59520K, reserved 1105920K
  class space    used 7015K, committed 7168K, reserved 1048576K
GC Heap History (20 events):
Event: 13.998 GC heap before
{Heap before GC invocations=17 (full 0):
 garbage-first heap   total 34816K, used 22807K [0x0000000701c00000, 0x0000000800000000)
  region size 2048K, 5 young (10240K), 1 survivors (2048K)
 Metaspace       used 37425K, committed 37760K, reserved 1089536K
  class space    used 4371K, committed 4544K, reserved 1048576K
}
Event: 13.999 GC heap after
{Heap after GC invocations=18 (full 0):
 garbage-first heap   total 149504K, used 16643K [0x0000000701c00000, 0x0000000800000000)
  region size 2048K, 1 young (2048K), 1 survivors (2048K)
 Metaspace       used 37425K, committed 37760K, reserved 1089536K
  class space    used 4371K, committed 4544K, reserved 1048576K
}
Event: 21.517 GC heap before
{Heap before GC invocations=19 (full 0):
 garbage-first heap   total 102400K, used 82179K [0x0000000701c00000, 0x0000000800000000)
  region size 2048K, 34 young (69632K), 1 survivors (2048K)
 Metaspace       used 51471K, committed 51712K, reserved 1097728K
  class space    used 6296K, committed 6400K, reserved 1048576K
}
Event: 21.526 GC heap after
{Heap after GC invocations=20 (full 0):
 garbage-first heap   total 102400K, used 20408K [0x0000000701c00000, 0x0000000800000000)
  region size 2048K, 2 young (4096K), 2 survivors (4096K)
 Metaspace       used 51471K, committed 51712K, reserved 1097728K
  class space    used 6296K, committed 6400K, reserved 1048576K
}
Event: 21.637 GC heap before
{Heap before GC invocations=20 (full 0):
 garbage-first heap   total 102400K, used 22456K [0x0000000701c00000, 0x0000000800000000)
  region size 2048K, 3 young (6144K), 2 survivors (4096K)
 Metaspace       used 51639K, committed 51968K, reserved 1097728K
  class space    used 6314K, committed 6528K, reserved 1048576K
}
Event: 21.643 GC heap after
{Heap after GC invocations=21 (full 0):
 garbage-first heap   total 102400K, used 20780K [0x0000000701c00000, 0x0000000800000000)
  region size 2048K, 1 young (2048K), 1 survivors (2048K)
 Metaspace       used 51639K, committed 51968K, reserved 1097728K
  class space    used 6314K, committed 6528K, reserved 1048576K
}
Event: 28.521 GC heap before
{Heap before GC invocations=21 (full 0):
 garbage-first heap   total 102400K, used 76076K [0x0000000701c00000, 0x0000000800000000)
  region size 2048K, 28 young (57344K), 1 survivors (2048K)
 Metaspace       used 57647K, committed 57984K, reserved 1105920K
  class space    used 7009K, committed 7168K, reserved 1048576K
}
Event: 28.533 GC heap after
{Heap after GC invocations=22 (full 0):
 garbage-first heap   total 102400K, used 24241K [0x0000000701c00000, 0x0000000800000000)
  region size 2048K, 2 young (4096K), 2 survivors (4096K)
 Metaspace       used 57647K, committed 57984K, reserved 1105920K
  class space    used 7009K, committed 7168K, reserved 1048576K
}
Event: 32.016 GC heap before
{Heap before GC invocations=22 (full 0):
 garbage-first heap   total 102400K, used 77489K [0x0000000701c00000, 0x0000000800000000)
  region size 2048K, 28 young (57344K), 2 survivors (4096K)
 Metaspace       used 58392K, committed 58688K, reserved 1105920K
  class space    used 7014K, committed 7168K, reserved 1048576K
}
Event: 32.023 GC heap after
{Heap after GC invocations=23 (full 0):
 garbage-first heap   total 102400K, used 24504K [0x0000000701c00000, 0x0000000800000000)
  region size 2048K, 3 young (6144K), 3 survivors (6144K)
 Metaspace       used 58392K, committed 58688K, reserved 1105920K
  class space    used 7014K, committed 7168K, reserved 1048576K
}
Event: 33.359 GC heap before
{Heap before GC invocations=23 (full 0):
 garbage-first heap   total 102400K, used 79800K [0x0000000701c00000, 0x0000000800000000)
  region size 2048K, 30 young (61440K), 3 survivors (6144K)
 Metaspace       used 58677K, committed 59008K, reserved 1105920K
  class space    used 7014K, committed 7168K, reserved 1048576K
}
Event: 33.366 GC heap after
{Heap after GC invocations=24 (full 0):
 garbage-first heap   total 102400K, used 24360K [0x0000000701c00000, 0x0000000800000000)
  region size 2048K, 2 young (4096K), 2 survivors (4096K)
 Metaspace       used 58677K, committed 59008K, reserved 1105920K
  class space    used 7014K, committed 7168K, reserved 1048576K
}
Event: 35.155 GC heap before
{Heap before GC invocations=24 (full 0):
 garbage-first heap   total 102400K, used 79656K [0x0000000701c00000, 0x0000000800000000)
  region size 2048K, 30 young (61440K), 2 survivors (4096K)
 Metaspace       used 58856K, committed 59200K, reserved 1105920K
  class space    used 7014K, committed 7168K, reserved 1048576K
}
Event: 35.162 GC heap after
{Heap after GC invocations=25 (full 0):
 garbage-first heap   total 102400K, used 24550K [0x0000000701c00000, 0x0000000800000000)
  region size 2048K, 3 young (6144K), 3 survivors (6144K)
 Metaspace       used 58856K, committed 59200K, reserved 1105920K
  class space    used 7014K, committed 7168K, reserved 1048576K
}
Event: 40.461 GC heap before
{Heap before GC invocations=25 (full 0):
 garbage-first heap   total 102400K, used 79846K [0x0000000701c00000, 0x0000000800000000)
  region size 2048K, 30 young (61440K), 3 survivors (6144K)
 Metaspace       used 58929K, committed 59264K, reserved 1105920K
  class space    used 7014K, committed 7168K, reserved 1048576K
}
Event: 40.469 GC heap after
{Heap after GC invocations=26 (full 0):
 garbage-first heap   total 102400K, used 24553K [0x0000000701c00000, 0x0000000800000000)
  region size 2048K, 3 young (6144K), 3 survivors (6144K)
 Metaspace       used 58929K, committed 59264K, reserved 1105920K
  class space    used 7014K, committed 7168K, reserved 1048576K
}
Event: 48.471 GC heap before
{Heap before GC invocations=26 (full 0):
 garbage-first heap   total 102400K, used 79849K [0x0000000701c00000, 0x0000000800000000)
  region size 2048K, 30 young (61440K), 3 survivors (6144K)
 Metaspace       used 59010K, committed 59328K, reserved 1105920K
  class space    used 7015K, committed 7168K, reserved 1048576K
}
Event: 48.478 GC heap after
{Heap after GC invocations=27 (full 0):
 garbage-first heap   total 102400K, used 24360K [0x0000000701c00000, 0x0000000800000000)
  region size 2048K, 2 young (4096K), 2 survivors (4096K)
 Metaspace       used 59010K, committed 59328K, reserved 1105920K
  class space    used 7015K, committed 7168K, reserved 1048576K
}
Event: 59.211 GC heap before
{Heap before GC invocations=27 (full 0):
 garbage-first heap   total 102400K, used 79656K [0x0000000701c00000, 0x0000000800000000)
  region size 2048K, 30 young (61440K), 2 survivors (4096K)
 Metaspace       used 59142K, committed 59520K, reserved 1105920K
  class space    used 7015K, committed 7168K, reserved 1048576K
}
Event: 59.217 GC heap after
{Heap after GC invocations=28 (full 0):
 garbage-first heap   total 102400K, used 24554K [0x0000000701c00000, 0x0000000800000000)
  region size 2048K, 3 young (6144K), 3 survivors (6144K)
 Metaspace       used 59142K, committed 59520K, reserved 1105920K
  class space    used 7015K, committed 7168K, reserved 1048576K
}

